<?xml version="1.0" encoding="utf-8"?><testsuites name="pytest tests"><testsuite name="pytest" errors="0" failures="0" skipped="0" tests="5" time="1.173" timestamp="2026-05-05T13:01:55.959631+00:00" hostname="agent-env-a7688a74-36ac-40c9-b910-bac66cbf9cb3"><testcase classname="backend.tests.test_omniscent" name="test_health_endpoint" time="0.318" /><testcase classname="backend.tests.test_omniscent" name="test_root_endpoint" time="0.218" /><testcase classname="backend.tests.test_omniscent" name="test_contact_post_valid" time="0.131" /><testcase classname="backend.tests.test_omniscent" name="test_contact_post_missing_field" time="0.291" /><testcase classname="backend.tests.test_omniscent" name="test_contacts_get" time="0.135" /></testsuite></testsuites>